Project "EqMon.tmp.proj" (default targets):
	Warning: Cannot include the following item(s) in your application: .app.json-;.yo-rc.json-. The build system treats items with a leading dot as hidden files or directories and does not process them. If you want to include these items in your application package, rename them and rebuild your app.
	ios Build Tooling revision 2016.06.29.2r
	Build Tooling Hostname administrators-mac-3.local
	Warning: security: unable to open "'/Users/builder/Library/MobileDevice/Provisioning Profiles/510c815d-9365-4f25-a383-00671bac6477.mobileprovision'" for reading: No such file or directory
	Warning: [xcode-build] Copy /tmp/builds/lHiCXmFyQrmBk6Uqyc/app/Cordova400/Resources/Default-736h.png: libpng warning: Warning: Input PNG does not have an 8 bit input depth.  Please convert your PNG to 8-bit for optimal performance on iPhone OS.
	Warning: [xcode-build] Copy /tmp/builds/lHiCXmFyQrmBk6Uqyc/app/Cordova400/Resources/Default-Landscape-736h.png: libpng warning: Warning: Input PNG does not have an 8 bit input depth.  Please convert your PNG to 8-bit for optimal performance on iPhone OS.
	Warning: [xcode-build] Compile /tmp/builds/lHiCXmFyQrmBk6Uqyc/app/Cordova400/Classes/AppDelegate.m: /tmp/builds/lHiCXmFyQrmBk6Uqyc/app/Cordova400/Classes/AppDelegate.m:138:1: warning: conflicting return type in implementation of 'application:supportedInterfaceOrientationsForWindow:': 'UIInterfaceOrientationMask' (aka 'enum UIInterfaceOrientationMask') vs 'NSUInteger' (aka 'unsigned int') [-Wmismatched-return-types]
In file included from /tmp/builds/lHiCXmFyQrmBk6Uqyc/app/Cordova400/Classes/AppDelegate.m:1:
In file included from /tmp/builds/lHiCXmFyQrmBk6Uqyc/app/Cordova400/Cordova400-Prefix.pch:25:
In file included from /Applications/Xcode.app/Contents/Developer/Platforms/iPhoneOS.platform/Developer/SDKs/iPhoneOS9.3.sdk/System/Library/Frameworks/UIKit.framework/Headers/UIKit.h:21:
In file included from /Applications/Xcode.app/Contents/Developer/Platforms/iPhoneOS.platform/Developer/SDKs/iPhoneOS9.3.sdk/System/Library/Frameworks/UIKit.framework/Headers/UIActivityViewController.h:9:
In file included from /Applications/Xcode.app/Contents/Developer/Platforms/iPhoneOS.platform/Developer/SDKs/iPhoneOS9.3.sdk/System/Library/Frameworks/UIKit.framework/Headers/UIViewController.h:11:
/Applications/Xcode.app/Contents/Developer/Platforms/iPhoneOS.platform/Developer/SDKs/iPhoneOS9.3.sdk/System/Library/Frameworks/UIKit.framework/Headers/UIApplication.h:336:1: note: previous definition is here
	Warning: [xcode-build] Compile /Users/builder/BpcTooling/Cordova3/Plugins/com.telerik.LiveSync/src/ios/Resources/UIViewController+LiveSync.m: /Users/builder/BpcTooling/Cordova3/Plugins/com.telerik.LiveSync/src/ios/Resources/UIViewController+LiveSync.m:255:18: warning: performSelector may cause a leak because its selector is unknown [-Warc-performSelector-leaks]
/Users/builder/BpcTooling/Cordova3/Plugins/com.telerik.LiveSync/src/ios/Resources/UIViewController+LiveSync.m:255:34: note: used here
	Warning: [xcode-build] Compile /Users/builder/BpcTooling/Cordova3/4.0.0/CorePlugins/cordova-plugin-device-orientation/src/ios/CDVCompass.m: /Users/builder/BpcTooling/Cordova3/4.0.0/CorePlugins/cordova-plugin-device-orientation/src/ios/CDVCompass.m:74:42: warning: 'headingAvailable' is deprecated: first deprecated in iOS 4.0 [-Wdeprecated-declarations]
In file included from /Users/builder/BpcTooling/Cordova3/4.0.0/CorePlugins/cordova-plugin-device-orientation/src/ios/CDVCompass.m:20:
In file included from /Users/builder/BpcTooling/Cordova3/4.0.0/CorePlugins/cordova-plugin-device-orientation/src/ios/CDVCompass.h:21:
In file included from /Applications/Xcode.app/Contents/Developer/Platforms/iPhoneOS.platform/Developer/SDKs/iPhoneOS9.3.sdk/System/Library/Frameworks/CoreLocation.framework/Headers/CoreLocation.h:25:
/Applications/Xcode.app/Contents/Developer/Platforms/iPhoneOS.platform/Developer/SDKs/iPhoneOS9.3.sdk/System/Library/Frameworks/CoreLocation.framework/Headers/CLLocationManager.h:273:37: note: property 'headingAvailable' is declared deprecated here
/Applications/Xcode.app/Contents/Developer/Platforms/iPhoneOS.platform/Developer/SDKs/iPhoneOS9.3.sdk/System/Library/Frameworks/CoreLocation.framework/Headers/CLLocationManager.h:273:37: note: 'headingAvailable' has been explicitly marked deprecated here
	Warning: [xcode-build] Compile /Users/builder/BpcTooling/Cordova3/4.0.0/CorePlugins/cordova-plugin-geolocation/src/ios/CDVLocation.m: /Users/builder/BpcTooling/Cordova3/4.0.0/CorePlugins/cordova-plugin-geolocation/src/ios/CDVLocation.m:91:42: warning: 'locationServicesEnabled' is deprecated: first deprecated in iOS 4.0 [-Wdeprecated-declarations]
In file included from /Users/builder/BpcTooling/Cordova3/4.0.0/CorePlugins/cordova-plugin-geolocation/src/ios/CDVLocation.m:20:
In file included from /Users/builder/BpcTooling/Cordova3/4.0.0/CorePlugins/cordova-plugin-geolocation/src/ios/CDVLocation.h:21:
In file included from /Applications/Xcode.app/Contents/Developer/Platforms/iPhoneOS.platform/Developer/SDKs/iPhoneOS9.3.sdk/System/Library/Frameworks/CoreLocation.framework/Headers/CoreLocation.h:25:
/Applications/Xcode.app/Contents/Developer/Platforms/iPhoneOS.platform/Developer/SDKs/iPhoneOS9.3.sdk/System/Library/Frameworks/CoreLocation.framework/Headers/CLLocationManager.h:177:37: note: property 'locationServicesEnabled' is declared deprecated here
/Applications/Xcode.app/Contents/Developer/Platforms/iPhoneOS.platform/Developer/SDKs/iPhoneOS9.3.sdk/System/Library/Frameworks/CoreLocation.framework/Headers/CLLocationManager.h:177:37: note: 'locationServicesEnabled' has been explicitly marked deprecated here
	Warning: [xcode-build] Compile /Users/builder/BpcTooling/Cordova3/4.0.0/CorePlugins/cordova-plugin-inappbrowser/src/ios/CDVInAppBrowser.m: /Users/builder/BpcTooling/Cordova3/4.0.0/CorePlugins/cordova-plugin-inappbrowser/src/ios/CDVInAppBrowser.m:732:19: warning: null passed to a callee that requires a non-null argument [-Wnonnull]
/Users/builder/BpcTooling/Cordova3/4.0.0/CorePlugins/cordova-plugin-inappbrowser/src/ios/CDVInAppBrowser.m:1002:1: warning: conflicting return type in implementation of 'supportedInterfaceOrientations': 'UIInterfaceOrientationMask' (aka 'enum UIInterfaceOrientationMask') vs 'NSUInteger' (aka 'unsigned int') [-Wmismatched-return-types]
In file included from /Users/builder/BpcTooling/Cordova3/4.0.0/CorePlugins/cordova-plugin-inappbrowser/src/ios/CDVInAppBrowser.m:1:
In file included from /tmp/builds/lHiCXmFyQrmBk6Uqyc/app/Cordova400/Cordova400-Prefix.pch:25:
In file included from /Applications/Xcode.app/Contents/Developer/Platforms/iPhoneOS.platform/Developer/SDKs/iPhoneOS9.3.sdk/System/Library/Frameworks/UIKit.framework/Headers/UIKit.h:21:
In file included from /Applications/Xcode.app/Contents/Developer/Platforms/iPhoneOS.platform/Developer/SDKs/iPhoneOS9.3.sdk/System/Library/Frameworks/UIKit.framework/Headers/UIActivityViewController.h:9:
/Applications/Xcode.app/Contents/Developer/Platforms/iPhoneOS.platform/Developer/SDKs/iPhoneOS9.3.sdk/System/Library/Frameworks/UIKit.framework/Headers/UIViewController.h:273:1: note: previous definition is here
	Warning: [xcode-build] Compile /Users/builder/BpcTooling/Cordova3/4.0.0/CorePlugins/cordova-plugin-media/src/ios/CDVSound.m: /Users/builder/BpcTooling/Cordova3/4.0.0/CorePlugins/cordova-plugin-media/src/ios/CDVSound.m:529:60: warning: null passed to a callee that requires a non-null argument [-Wnonnull]
	Warning: [xcode-build] Compile /Users/builder/BpcTooling/Cordova3/4.0.0/CorePlugins/cordova-plugin-media-capture/src/ios/CDVCapture.m: /Users/builder/BpcTooling/Cordova3/4.0.0/CorePlugins/cordova-plugin-media-capture/src/ios/CDVCapture.m:548:5: warning: conflicting return type in implementation of 'supportedInterfaceOrientations': 'UIInterfaceOrientationMask' (aka 'enum UIInterfaceOrientationMask') vs 'NSUInteger' (aka 'unsigned int') [-Wmismatched-return-types]
In file included from /Users/builder/BpcTooling/Cordova3/4.0.0/CorePlugins/cordova-plugin-media-capture/src/ios/CDVCapture.m:1:
In file included from /tmp/builds/lHiCXmFyQrmBk6Uqyc/app/Cordova400/Cordova400-Prefix.pch:25:
In file included from /Applications/Xcode.app/Contents/Developer/Platforms/iPhoneOS.platform/Developer/SDKs/iPhoneOS9.3.sdk/System/Library/Frameworks/UIKit.framework/Headers/UIKit.h:21:
In file included from /Applications/Xcode.app/Contents/Developer/Platforms/iPhoneOS.platform/Developer/SDKs/iPhoneOS9.3.sdk/System/Library/Frameworks/UIKit.framework/Headers/UIActivityViewController.h:9:
/Applications/Xcode.app/Contents/Developer/Platforms/iPhoneOS.platform/Developer/SDKs/iPhoneOS9.3.sdk/System/Library/Frameworks/UIKit.framework/Headers/UIViewController.h:273:1: note: previous definition is here
/Users/builder/BpcTooling/Cordova3/4.0.0/CorePlugins/cordova-plugin-media-capture/src/ios/CDVCapture.m:712:48: warning: null passed to a callee that requires a non-null argument [-Wnonnull]
/Users/builder/BpcTooling/Cordova3/4.0.0/CorePlugins/cordova-plugin-media-capture/src/ios/CDVCapture.m:819:60: warning: comparison of address of 'UIAccessibilityAnnouncementNotification' not equal to a null pointer is always true [-Wtautological-pointer-compare]
/Users/builder/BpcTooling/Cordova3/4.0.0/CorePlugins/cordova-plugin-media-capture/src/ios/CDVCapture.m:728:5: warning: conflicting return type in implementation of 'supportedInterfaceOrientations': 'UIInterfaceOrientationMask' (aka 'enum UIInterfaceOrientationMask') vs 'NSUInteger' (aka 'unsigned int') [-Wmismatched-return-types]
In file included from /Users/builder/BpcTooling/Cordova3/4.0.0/CorePlugins/cordova-plugin-media-capture/src/ios/CDVCapture.m:1:
In file included from /tmp/builds/lHiCXmFyQrmBk6Uqyc/app/Cordova400/Cordova400-Prefix.pch:25:
In file included from /Applications/Xcode.app/Contents/Developer/Platforms/iPhoneOS.platform/Developer/SDKs/iPhoneOS9.3.sdk/System/Library/Frameworks/UIKit.framework/Headers/UIKit.h:21:
In file included from /Applications/Xcode.app/Contents/Developer/Platforms/iPhoneOS.platform/Developer/SDKs/iPhoneOS9.3.sdk/System/Library/Frameworks/UIKit.framework/Headers/UIActivityViewController.h:9:
/Applications/Xcode.app/Contents/Developer/Platforms/iPhoneOS.platform/Developer/SDKs/iPhoneOS9.3.sdk/System/Library/Frameworks/UIKit.framework/Headers/UIViewController.h:273:1: note: previous definition is here
	Warning: [xcode-build] Compile /Users/builder/BpcTooling/Cordova3/4.0.0/CorePlugins/cordova-plugin-network-information/src/ios/CDVConnection.m: /Users/builder/BpcTooling/Cordova3/4.0.0/CorePlugins/cordova-plugin-network-information/src/ios/CDVConnection.m:121:10: warning: address of 'UIApplicationDidEnterBackgroundNotification' will always evaluate to 'true' [-Wpointer-bool-conversion]
/Users/builder/BpcTooling/Cordova3/4.0.0/CorePlugins/cordova-plugin-network-information/src/ios/CDVConnection.m:121:58: warning: address of 'UIApplicationWillEnterForegroundNotification' will always evaluate to 'true' [-Wpointer-bool-conversion]
	Warning: [xcode-build] Compile /Users/builder/BpcTooling/Cordova3/4.0.0/CorePlugins/cordova-plugin-statusbar/src/ios/CDVStatusBar.m: /Users/builder/BpcTooling/Cordova3/4.0.0/CorePlugins/cordova-plugin-statusbar/src/ios/CDVStatusBar.m:182:40: warning: implicit conversion from enumeration type 'UIInterfaceOrientation' (aka 'enum UIInterfaceOrientation') to different enumeration type 'UIDeviceOrientation' (aka 'enum UIDeviceOrientation') [-Wenum-conversion]
/Users/builder/BpcTooling/Cordova3/4.0.0/CorePlugins/cordova-plugin-statusbar/src/ios/CDVStatusBar.m:204:44: warning: implicit conversion from enumeration type 'UIInterfaceOrientation' (aka 'enum UIInterfaceOrientation') to different enumeration type 'UIDeviceOrientation' (aka 'enum UIDeviceOrientation') [-Wenum-conversion]
/Users/builder/BpcTooling/Cordova3/4.0.0/CorePlugins/cordova-plugin-statusbar/src/ios/CDVStatusBar.m:373:52: warning: implicit conversion from enumeration type 'UIInterfaceOrientation' (aka 'enum UIInterfaceOrientation') to different enumeration type 'UIDeviceOrientation' (aka 'enum UIDeviceOrientation') [-Wenum-conversion]
	Warning: [xcode-build] Compile /tmp/builds/lHiCXmFyQrmBk6Uqyc/app/Cordova400/Classes/AppDelegate.m: /tmp/builds/lHiCXmFyQrmBk6Uqyc/app/Cordova400/Classes/AppDelegate.m:138:1: warning: conflicting return type in implementation of 'application:supportedInterfaceOrientationsForWindow:': 'UIInterfaceOrientationMask' (aka 'enum UIInterfaceOrientationMask') vs 'NSUInteger' (aka 'unsigned long') [-Wmismatched-return-types]
In file included from /tmp/builds/lHiCXmFyQrmBk6Uqyc/app/Cordova400/Classes/AppDelegate.m:1:
In file included from /tmp/builds/lHiCXmFyQrmBk6Uqyc/app/Cordova400/Cordova400-Prefix.pch:25:
In file included from /Applications/Xcode.app/Contents/Developer/Platforms/iPhoneOS.platform/Developer/SDKs/iPhoneOS9.3.sdk/System/Library/Frameworks/UIKit.framework/Headers/UIKit.h:21:
In file included from /Applications/Xcode.app/Contents/Developer/Platforms/iPhoneOS.platform/Developer/SDKs/iPhoneOS9.3.sdk/System/Library/Frameworks/UIKit.framework/Headers/UIActivityViewController.h:9:
In file included from /Applications/Xcode.app/Contents/Developer/Platforms/iPhoneOS.platform/Developer/SDKs/iPhoneOS9.3.sdk/System/Library/Frameworks/UIKit.framework/Headers/UIViewController.h:11:
/Applications/Xcode.app/Contents/Developer/Platforms/iPhoneOS.platform/Developer/SDKs/iPhoneOS9.3.sdk/System/Library/Frameworks/UIKit.framework/Headers/UIApplication.h:336:1: note: previous definition is here
	Warning: [xcode-build] Compile /Users/builder/BpcTooling/Cordova3/Plugins/com.telerik.LiveSync/src/ios/Resources/UIViewController+LiveSync.m: /Users/builder/BpcTooling/Cordova3/Plugins/com.telerik.LiveSync/src/ios/Resources/UIViewController+LiveSync.m:255:18: warning: performSelector may cause a leak because its selector is unknown [-Warc-performSelector-leaks]
/Users/builder/BpcTooling/Cordova3/Plugins/com.telerik.LiveSync/src/ios/Resources/UIViewController+LiveSync.m:255:34: note: used here
	Warning: [xcode-build] Compile /Users/builder/BpcTooling/Cordova3/4.0.0/CorePlugins/cordova-plugin-device-orientation/src/ios/CDVCompass.m: /Users/builder/BpcTooling/Cordova3/4.0.0/CorePlugins/cordova-plugin-device-orientation/src/ios/CDVCompass.m:74:42: warning: 'headingAvailable' is deprecated: first deprecated in iOS 4.0 [-Wdeprecated-declarations]
In file included from /Users/builder/BpcTooling/Cordova3/4.0.0/CorePlugins/cordova-plugin-device-orientation/src/ios/CDVCompass.m:20:
In file included from /Users/builder/BpcTooling/Cordova3/4.0.0/CorePlugins/cordova-plugin-device-orientation/src/ios/CDVCompass.h:21:
In file included from /Applications/Xcode.app/Contents/Developer/Platforms/iPhoneOS.platform/Developer/SDKs/iPhoneOS9.3.sdk/System/Library/Frameworks/CoreLocation.framework/Headers/CoreLocation.h:25:
/Applications/Xcode.app/Contents/Developer/Platforms/iPhoneOS.platform/Developer/SDKs/iPhoneOS9.3.sdk/System/Library/Frameworks/CoreLocation.framework/Headers/CLLocationManager.h:273:37: note: property 'headingAvailable' is declared deprecated here
/Applications/Xcode.app/Contents/Developer/Platforms/iPhoneOS.platform/Developer/SDKs/iPhoneOS9.3.sdk/System/Library/Frameworks/CoreLocation.framework/Headers/CLLocationManager.h:273:37: note: 'headingAvailable' has been explicitly marked deprecated here
	Warning: [xcode-build] Compile /Users/builder/BpcTooling/Cordova3/4.0.0/CorePlugins/cordova-plugin-geolocation/src/ios/CDVLocation.m: /Users/builder/BpcTooling/Cordova3/4.0.0/CorePlugins/cordova-plugin-geolocation/src/ios/CDVLocation.m:91:42: warning: 'locationServicesEnabled' is deprecated: first deprecated in iOS 4.0 [-Wdeprecated-declarations]
In file included from /Users/builder/BpcTooling/Cordova3/4.0.0/CorePlugins/cordova-plugin-geolocation/src/ios/CDVLocation.m:20:
In file included from /Users/builder/BpcTooling/Cordova3/4.0.0/CorePlugins/cordova-plugin-geolocation/src/ios/CDVLocation.h:21:
In file included from /Applications/Xcode.app/Contents/Developer/Platforms/iPhoneOS.platform/Developer/SDKs/iPhoneOS9.3.sdk/System/Library/Frameworks/CoreLocation.framework/Headers/CoreLocation.h:25:
/Applications/Xcode.app/Contents/Developer/Platforms/iPhoneOS.platform/Developer/SDKs/iPhoneOS9.3.sdk/System/Library/Frameworks/CoreLocation.framework/Headers/CLLocationManager.h:177:37: note: property 'locationServicesEnabled' is declared deprecated here
/Applications/Xcode.app/Contents/Developer/Platforms/iPhoneOS.platform/Developer/SDKs/iPhoneOS9.3.sdk/System/Library/Frameworks/CoreLocation.framework/Headers/CLLocationManager.h:177:37: note: 'locationServicesEnabled' has been explicitly marked deprecated here
	Warning: [xcode-build] Compile /Users/builder/BpcTooling/Cordova3/4.0.0/CorePlugins/cordova-plugin-inappbrowser/src/ios/CDVInAppBrowser.m: /Users/builder/BpcTooling/Cordova3/4.0.0/CorePlugins/cordova-plugin-inappbrowser/src/ios/CDVInAppBrowser.m:732:19: warning: null passed to a callee that requires a non-null argument [-Wnonnull]
/Users/builder/BpcTooling/Cordova3/4.0.0/CorePlugins/cordova-plugin-inappbrowser/src/ios/CDVInAppBrowser.m:1002:1: warning: conflicting return type in implementation of 'supportedInterfaceOrientations': 'UIInterfaceOrientationMask' (aka 'enum UIInterfaceOrientationMask') vs 'NSUInteger' (aka 'unsigned long') [-Wmismatched-return-types]
In file included from /Users/builder/BpcTooling/Cordova3/4.0.0/CorePlugins/cordova-plugin-inappbrowser/src/ios/CDVInAppBrowser.m:1:
In file included from /tmp/builds/lHiCXmFyQrmBk6Uqyc/app/Cordova400/Cordova400-Prefix.pch:25:
In file included from /Applications/Xcode.app/Contents/Developer/Platforms/iPhoneOS.platform/Developer/SDKs/iPhoneOS9.3.sdk/System/Library/Frameworks/UIKit.framework/Headers/UIKit.h:21:
In file included from /Applications/Xcode.app/Contents/Developer/Platforms/iPhoneOS.platform/Developer/SDKs/iPhoneOS9.3.sdk/System/Library/Frameworks/UIKit.framework/Headers/UIActivityViewController.h:9:
/Applications/Xcode.app/Contents/Developer/Platforms/iPhoneOS.platform/Developer/SDKs/iPhoneOS9.3.sdk/System/Library/Frameworks/UIKit.framework/Headers/UIViewController.h:273:1: note: previous definition is here
	Warning: [xcode-build] Compile /Users/builder/BpcTooling/Cordova3/4.0.0/CorePlugins/cordova-plugin-media/src/ios/CDVSound.m: /Users/builder/BpcTooling/Cordova3/4.0.0/CorePlugins/cordova-plugin-media/src/ios/CDVSound.m:529:60: warning: null passed to a callee that requires a non-null argument [-Wnonnull]
	Warning: [xcode-build] Compile /Users/builder/BpcTooling/Cordova3/4.0.0/CorePlugins/cordova-plugin-media-capture/src/ios/CDVCapture.m: /Users/builder/BpcTooling/Cordova3/4.0.0/CorePlugins/cordova-plugin-media-capture/src/ios/CDVCapture.m:548:5: warning: conflicting return type in implementation of 'supportedInterfaceOrientations': 'UIInterfaceOrientationMask' (aka 'enum UIInterfaceOrientationMask') vs 'NSUInteger' (aka 'unsigned long') [-Wmismatched-return-types]
In file included from /Users/builder/BpcTooling/Cordova3/4.0.0/CorePlugins/cordova-plugin-media-capture/src/ios/CDVCapture.m:1:
In file included from /tmp/builds/lHiCXmFyQrmBk6Uqyc/app/Cordova400/Cordova400-Prefix.pch:25:
In file included from /Applications/Xcode.app/Contents/Developer/Platforms/iPhoneOS.platform/Developer/SDKs/iPhoneOS9.3.sdk/System/Library/Frameworks/UIKit.framework/Headers/UIKit.h:21:
In file included from /Applications/Xcode.app/Contents/Developer/Platforms/iPhoneOS.platform/Developer/SDKs/iPhoneOS9.3.sdk/System/Library/Frameworks/UIKit.framework/Headers/UIActivityViewController.h:9:
/Applications/Xcode.app/Contents/Developer/Platforms/iPhoneOS.platform/Developer/SDKs/iPhoneOS9.3.sdk/System/Library/Frameworks/UIKit.framework/Headers/UIViewController.h:273:1: note: previous definition is here
/Users/builder/BpcTooling/Cordova3/4.0.0/CorePlugins/cordova-plugin-media-capture/src/ios/CDVCapture.m:712:48: warning: null passed to a callee that requires a non-null argument [-Wnonnull]
/Users/builder/BpcTooling/Cordova3/4.0.0/CorePlugins/cordova-plugin-media-capture/src/ios/CDVCapture.m:819:60: warning: comparison of address of 'UIAccessibilityAnnouncementNotification' not equal to a null pointer is always true [-Wtautological-pointer-compare]
/Users/builder/BpcTooling/Cordova3/4.0.0/CorePlugins/cordova-plugin-media-capture/src/ios/CDVCapture.m:728:5: warning: conflicting return type in implementation of 'supportedInterfaceOrientations': 'UIInterfaceOrientationMask' (aka 'enum UIInterfaceOrientationMask') vs 'NSUInteger' (aka 'unsigned long') [-Wmismatched-return-types]
In file included from /Users/builder/BpcTooling/Cordova3/4.0.0/CorePlugins/cordova-plugin-media-capture/src/ios/CDVCapture.m:1:
In file included from /tmp/builds/lHiCXmFyQrmBk6Uqyc/app/Cordova400/Cordova400-Prefix.pch:25:
In file included from /Applications/Xcode.app/Contents/Developer/Platforms/iPhoneOS.platform/Developer/SDKs/iPhoneOS9.3.sdk/System/Library/Frameworks/UIKit.framework/Headers/UIKit.h:21:
In file included from /Applications/Xcode.app/Contents/Developer/Platforms/iPhoneOS.platform/Developer/SDKs/iPhoneOS9.3.sdk/System/Library/Frameworks/UIKit.framework/Headers/UIActivityViewController.h:9:
/Applications/Xcode.app/Contents/Developer/Platforms/iPhoneOS.platform/Developer/SDKs/iPhoneOS9.3.sdk/System/Library/Frameworks/UIKit.framework/Headers/UIViewController.h:273:1: note: previous definition is here
	Warning: [xcode-build] Compile /Users/builder/BpcTooling/Cordova3/4.0.0/CorePlugins/cordova-plugin-network-information/src/ios/CDVConnection.m: /Users/builder/BpcTooling/Cordova3/4.0.0/CorePlugins/cordova-plugin-network-information/src/ios/CDVConnection.m:121:10: warning: address of 'UIApplicationDidEnterBackgroundNotification' will always evaluate to 'true' [-Wpointer-bool-conversion]
/Users/builder/BpcTooling/Cordova3/4.0.0/CorePlugins/cordova-plugin-network-information/src/ios/CDVConnection.m:121:58: warning: address of 'UIApplicationWillEnterForegroundNotification' will always evaluate to 'true' [-Wpointer-bool-conversion]
	Warning: [xcode-build] Compile /Users/builder/BpcTooling/Cordova3/4.0.0/CorePlugins/cordova-plugin-statusbar/src/ios/CDVStatusBar.m: /Users/builder/BpcTooling/Cordova3/4.0.0/CorePlugins/cordova-plugin-statusbar/src/ios/CDVStatusBar.m:182:40: warning: implicit conversion from enumeration type 'UIInterfaceOrientation' (aka 'enum UIInterfaceOrientation') to different enumeration type 'UIDeviceOrientation' (aka 'enum UIDeviceOrientation') [-Wenum-conversion]
/Users/builder/BpcTooling/Cordova3/4.0.0/CorePlugins/cordova-plugin-statusbar/src/ios/CDVStatusBar.m:204:44: warning: implicit conversion from enumeration type 'UIInterfaceOrientation' (aka 'enum UIInterfaceOrientation') to different enumeration type 'UIDeviceOrientation' (aka 'enum UIDeviceOrientation') [-Wenum-conversion]
/Users/builder/BpcTooling/Cordova3/4.0.0/CorePlugins/cordova-plugin-statusbar/src/ios/CDVStatusBar.m:373:52: warning: implicit conversion from enumeration type 'UIInterfaceOrientation' (aka 'enum UIInterfaceOrientation') to different enumeration type 'UIDeviceOrientation' (aka 'enum UIDeviceOrientation') [-Wenum-conversion]
Done building project "EqMon.tmp.proj".
